app/build/intermediates/manifest_merge_blame_file/debug/manifest-merger-blame-debug-report.txt
1<?xml version="1.0" encoding="utf-8"?>
2<manifest xmlns:android="http://schemas.android.com/apk/res/android"
3    package="com.tvplayer.webdav"
4    android:versionCode="1"
5    android:versionName="1.0" >
6
7    <uses-sdk
8        android:minSdkVersion="21"
9        android:targetSdkVersion="34" />
10
11    <!-- Network permissions -->
12    <uses-permission android:name="android.permission.INTERNET" />
12-->src\main\AndroidManifest.xml:6:5-67
12-->src\main\AndroidManifest.xml:6:22-64
13    <uses-permission android:name="android.permission.ACCESS_NETWORK_STATE" />
13-->src\main\AndroidManifest.xml:7:5-79
13-->src\main\AndroidManifest.xml:7:22-76
14
15    <!-- Storage permissions -->
16    <uses-permission android:name="android.permission.READ_EXTERNAL_STORAGE" />
16-->src\main\AndroidManifest.xml:10:5-80
16-->src\main\AndroidManifest.xml:10:22-77
17    <uses-permission android:name="android.permission.WRITE_EXTERNAL_STORAGE" />
17-->src\main\AndroidManifest.xml:11:5-81
17-->src\main\AndroidManifest.xml:11:22-78
18
19    <!-- TV features -->
20    <uses-feature
20-->src\main\AndroidManifest.xml:14:5-16:35
21        android:name="android.software.leanback"
21-->src\main\AndroidManifest.xml:15:9-49
22        android:required="true" />
22-->src\main\AndroidManifest.xml:16:9-32
23    <uses-feature
23-->src\main\AndroidManifest.xml:17:5-19:36
24        android:name="android.hardware.touchscreen"
24-->src\main\AndroidManifest.xml:18:9-52
25        android:required="false" />
25-->src\main\AndroidManifest.xml:19:9-33
26
27    <permission
27-->[androidx.core:core:1.12.0] AndroidManifest.xml:22:5-24:47
28        android:name="com.tvplayer.webdav.DYNAMIC_RECEIVER_NOT_EXPORTED_PERMISSION"
28-->[androidx.core:core:1.12.0] AndroidManifest.xml:23:9-81
29        android:protectionLevel="signature" />
29-->[androidx.core:core:1.12.0] AndroidManifest.xml:24:9-44
30
31    <uses-permission android:name="com.tvplayer.webdav.DYNAMIC_RECEIVER_NOT_EXPORTED_PERMISSION" />
31-->[androidx.core:core:1.12.0] AndroidManifest.xml:26:5-97
31-->[androidx.core:core:1.12.0] AndroidManifest.xml:26:22-94
32
33    <application
33-->src\main\AndroidManifest.xml:21:5-65:19
34        android:name="com.tvplayer.webdav.TVPlayerApplication"
34-->src\main\AndroidManifest.xml:22:9-44
35        android:allowBackup="true"
35-->src\main\AndroidManifest.xml:23:9-35
36        android:appComponentFactory="androidx.core.app.CoreComponentFactory"
36-->[androidx.core:core:1.12.0] AndroidManifest.xml:28:18-86
37        android:banner="@drawable/app_banner"
37-->src\main\AndroidManifest.xml:31:9-46
38        android:dataExtractionRules="@xml/data_extraction_rules"
38-->src\main\AndroidManifest.xml:24:9-65
39        android:debuggable="true"
40        android:extractNativeLibs="true"
41        android:fullBackupContent="@xml/backup_rules"
41-->src\main\AndroidManifest.xml:25:9-54
42        android:icon="@drawable/ic_launcher"
42-->src\main\AndroidManifest.xml:26:9-45
43        android:label="@string/app_name"
43-->src\main\AndroidManifest.xml:27:9-41
44        android:networkSecurityConfig="@xml/network_security_config"
44-->src\main\AndroidManifest.xml:32:9-69
45        android:roundIcon="@drawable/ic_launcher_round"
45-->src\main\AndroidManifest.xml:28:9-56
46        android:supportsRtl="true"
46-->src\main\AndroidManifest.xml:29:9-35
47        android:testOnly="true"
48        android:theme="@style/Theme.TVPlayer"
48-->src\main\AndroidManifest.xml:30:9-46
49        android:usesCleartextTraffic="true" >
49-->src\main\AndroidManifest.xml:33:9-44
50        <activity
50-->src\main\AndroidManifest.xml:36:9-45:20
51            android:name="com.tvplayer.webdav.ui.main.MainActivity"
51-->src\main\AndroidManifest.xml:37:13-49
52            android:exported="true"
52-->src\main\AndroidManifest.xml:38:13-36
53            android:screenOrientation="landscape"
53-->src\main\AndroidManifest.xml:39:13-50
54            android:theme="@style/Theme.TVPlayer" >
54-->src\main\AndroidManifest.xml:40:13-50
55            <intent-filter>
55-->src\main\AndroidManifest.xml:41:13-44:29
56                <action android:name="android.intent.action.MAIN" />
56-->src\main\AndroidManifest.xml:42:17-69
56-->src\main\AndroidManifest.xml:42:25-66
57
58                <category android:name="android.intent.category.LEANBACK_LAUNCHER" />
58-->src\main\AndroidManifest.xml:43:17-86
58-->src\main\AndroidManifest.xml:43:27-83
59            </intent-filter>
60        </activity>
61        <activity
61-->src\main\AndroidManifest.xml:47:9-51:53
62            android:name="com.tvplayer.webdav.ui.player.PlayerActivity"
62-->src\main\AndroidManifest.xml:48:13-53
63            android:exported="false"
63-->src\main\AndroidManifest.xml:49:13-37
64            android:screenOrientation="landscape"
64-->src\main\AndroidManifest.xml:50:13-50
65            android:theme="@style/Theme.TVPlayer" />
65-->src\main\AndroidManifest.xml:51:13-50
66        <activity
66-->src\main\AndroidManifest.xml:53:9-57:53
67            android:name="com.tvplayer.webdav.ui.settings.SettingsActivity"
67-->src\main\AndroidManifest.xml:54:13-57
68            android:exported="false"
68-->src\main\AndroidManifest.xml:55:13-37
69            android:screenOrientation="landscape"
69-->src\main\AndroidManifest.xml:56:13-50
70            android:theme="@style/Theme.TVPlayer" />
70-->src\main\AndroidManifest.xml:57:13-50
71        <activity
71-->src\main\AndroidManifest.xml:59:9-63:53
72            android:name="com.tvplayer.webdav.ui.details.VideoDetailsActivity"
72-->src\main\AndroidManifest.xml:60:13-60
73            android:exported="false"
73-->src\main\AndroidManifest.xml:61:13-37
74            android:screenOrientation="landscape"
74-->src\main\AndroidManifest.xml:62:13-50
75            android:theme="@style/Theme.TVPlayer" />
75-->src\main\AndroidManifest.xml:63:13-50
76
77        <provider
77-->[androidx.emoji2:emoji2:1.2.0] AndroidManifest.xml:24:9-32:20
78            android:name="androidx.startup.InitializationProvider"
78-->[androidx.emoji2:emoji2:1.2.0] AndroidManifest.xml:25:13-67
79            android:authorities="com.tvplayer.webdav.androidx-startup"
79-->[androidx.emoji2:emoji2:1.2.0] AndroidManifest.xml:26:13-68
80            android:exported="false" >
80-->[androidx.emoji2:emoji2:1.2.0] AndroidManifest.xml:27:13-37
81            <meta-data
81-->[androidx.emoji2:emoji2:1.2.0] AndroidManifest.xml:29:13-31:52
82                android:name="androidx.emoji2.text.EmojiCompatInitializer"
82-->[androidx.emoji2:emoji2:1.2.0] AndroidManifest.xml:30:17-75
83                android:value="androidx.startup" />
83-->[androidx.emoji2:emoji2:1.2.0] AndroidManifest.xml:31:17-49
84            <meta-data
84-->[androidx.lifecycle:lifecycle-process:2.7.0] AndroidManifest.xml:29:13-31:52
85                android:name="androidx.lifecycle.ProcessLifecycleInitializer"
85-->[androidx.lifecycle:lifecycle-process:2.7.0] AndroidManifest.xml:30:17-78
86                android:value="androidx.startup" />
86-->[androidx.lifecycle:lifecycle-process:2.7.0] AndroidManifest.xml:31:17-49
87            <meta-data
87-->[androidx.profileinstaller:profileinstaller:1.3.0] AndroidManifest.xml:29:13-31:52
88                android:name="androidx.profileinstaller.ProfileInstallerInitializer"
88-->[androidx.profileinstaller:profileinstaller:1.3.0] AndroidManifest.xml:30:17-85
89                android:value="androidx.startup" />
89-->[androidx.profileinstaller:profileinstaller:1.3.0] AndroidManifest.xml:31:17-49
90        </provider>
91
92        <uses-library
92-->[androidx.window:window:1.0.0] AndroidManifest.xml:25:9-27:40
93            android:name="androidx.window.extensions"
93-->[androidx.window:window:1.0.0] AndroidManifest.xml:26:13-54
94            android:required="false" />
94-->[androidx.window:window:1.0.0] AndroidManifest.xml:27:13-37
95        <uses-library
95-->[androidx.window:window:1.0.0] AndroidManifest.xml:28:9-30:40
96            android:name="androidx.window.sidecar"
96-->[androidx.window:window:1.0.0] AndroidManifest.xml:29:13-51
97            android:required="false" />
97-->[androidx.window:window:1.0.0] AndroidManifest.xml:30:13-37
98
99        <service
99-->[androidx.room:room-runtime:2.5.0] AndroidManifest.xml:24:9-28:63
100            android:name="androidx.room.MultiInstanceInvalidationService"
100-->[androidx.room:room-runtime:2.5.0] AndroidManifest.xml:25:13-74
101            android:directBootAware="true"
101-->[androidx.room:room-runtime:2.5.0] AndroidManifest.xml:26:13-43
102            android:exported="false" />
102-->[androidx.room:room-runtime:2.5.0] AndroidManifest.xml:27:13-37
103
104        <receiver
104-->[androidx.profileinstaller:profileinstaller:1.3.0] AndroidManifest.xml:34:9-52:20
105            android:name="androidx.profileinstaller.ProfileInstallReceiver"
105-->[androidx.profileinstaller:profileinstaller:1.3.0] AndroidManifest.xml:35:13-76
106            android:directBootAware="false"
106-->[androidx.profileinstaller:profileinstaller:1.3.0] AndroidManifest.xml:36:13-44
107            android:enabled="true"
107-->[androidx.profileinstaller:profileinstaller:1.3.0] AndroidManifest.xml:37:13-35
108            android:exported="true"
108-->[androidx.profileinstaller:profileinstaller:1.3.0] AndroidManifest.xml:38:13-36
109            android:permission="android.permission.DUMP" >
109-->[androidx.profileinstaller:profileinstaller:1.3.0] AndroidManifest.xml:39:13-57
110            <intent-filter>
110-->[androidx.profileinstaller:profileinstaller:1.3.0] AndroidManifest.xml:40:13-42:29
111                <action android:name="androidx.profileinstaller.action.INSTALL_PROFILE" />
111-->[androidx.profileinstaller:profileinstaller:1.3.0] AndroidManifest.xml:41:17-91
111-->[androidx.profileinstaller:profileinstaller:1.3.0] AndroidManifest.xml:41:25-88
112            </intent-filter>
113            <intent-filter>
113-->[androidx.profileinstaller:profileinstaller:1.3.0] AndroidManifest.xml:43:13-45:29
114                <action android:name="androidx.profileinstaller.action.SKIP_FILE" />
114-->[androidx.profileinstaller:profileinstaller:1.3.0] AndroidManifest.xml:44:17-85
114-->[androidx.profileinstaller:profileinstaller:1.3.0] AndroidManifest.xml:44:25-82
115            </intent-filter>
116            <intent-filter>
116-->[androidx.profileinstaller:profileinstaller:1.3.0] AndroidManifest.xml:46:13-48:29
117                <action android:name="androidx.profileinstaller.action.SAVE_PROFILE" />
117-->[androidx.profileinstaller:profileinstaller:1.3.0] AndroidManifest.xml:47:17-88
117-->[androidx.profileinstaller:profileinstaller:1.3.0] AndroidManifest.xml:47:25-85
118            </intent-filter>
119            <intent-filter>
119-->[androidx.profileinstaller:profileinstaller:1.3.0] AndroidManifest.xml:49:13-51:29
120                <action android:name="androidx.profileinstaller.action.BENCHMARK_OPERATION" />
120-->[androidx.profileinstaller:profileinstaller:1.3.0] AndroidManifest.xml:50:17-95
120-->[androidx.profileinstaller:profileinstaller:1.3.0] AndroidManifest.xml:50:25-92
121            </intent-filter>
122        </receiver>
123    </application>
124
125</manifest>